#
# There is insufficient memory for the Java Runtime Environment to continue.
# Native memory allocation (mmap) failed to map 132120576 bytes for G1 virtual space
# Possible reasons:
#   The system is out of physical RAM or swap space
#   The process is running with CompressedOops enabled, and the Java Heap may be blocking the growth of the native heap
# Possible solutions:
#   Reduce memory load on the system
#   Increase physical memory or swap space
#   Check if swap backing store is full
#   Decrease Java heap size (-Xmx/-Xms)
#   Decrease number of Java threads
#   Decrease Java thread stack sizes (-Xss)
#   Set larger code cache with -XX:ReservedCodeCacheSize=
#   JVM is running with Unscaled Compressed Oops mode in which the Java heap is
#     placed in the first 4GB address space. The Java Heap base address is the
#     maximum limit for the native heap growth. Please use -XX:HeapBaseMinAddress
#     to set the Java Heap base and to place the Java Heap above 4GB virtual address.
# This output file may be truncated or incomplete.
#
#  Out of Memory Error (os_windows.cpp:3617), pid=20356, tid=22760
#
# JRE version:  (17.0.8.1+1) (build )
# Java VM: OpenJDK 64-Bit Server VM (17.0.8.1+1, mixed mode, sharing, tiered, compressed oops, compressed class ptrs, g1 gc, windows-amd64)
# No core dump will be written. Minidumps are not enabled by default on client versions of Windows
#

---------------  S U M M A R Y ------------

Command Line: -Dnet.bytebuddy.agent.attacher.dump= net.bytebuddy.agent.Attacher com.sun.tools.attach.VirtualMachine 25752 C:\Users\natal\.m2\repository\net\bytebuddy\byte-buddy-agent\1.14.10\byte-buddy-agent-1.14.10.jar false 

Host: Intel(R) Core(TM) i5-10500H CPU @ 2.50GHz, 12 cores, 7G,  Windows 11 , 64 bit Build 22621 (10.0.22621.2506)
Time: Mon Jan 29 11:49:52 2024 Hora oficial do Brasil elapsed time: 0.013380 seconds (0d 0h 0m 0s)

---------------  T H R E A D  ---------------

Current thread (0x0000022cc1ebe2f0):  JavaThread "Unknown thread" [_thread_in_vm, id=22760, stack(0x0000006234000000,0x0000006234100000)]

Stack: [0x0000006234000000,0x0000006234100000]
Native frames: (J=compiled Java code, j=interpreted, Vv=VM code, C=native code)
V  [jvm.dll+0x678b0a]
V  [jvm.dll+0x835e84]
V  [jvm.dll+0x83762e]
V  [jvm.dll+0x837c93]
V  [jvm.dll+0x24746f]
V  [jvm.dll+0x675859]
V  [jvm.dll+0x66a0ea]
V  [jvm.dll+0x306c7b]
V  [jvm.dll+0x30e166]
V  [jvm.dll+0x35dd3e]
V  [jvm.dll+0x35df6f]
V  [jvm.dll+0x2ddb48]
V  [jvm.dll+0x2deab4]
V  [jvm.dll+0x807f31]
V  [jvm.dll+0x36bb21]
V  [jvm.dll+0x7e733c]
V  [jvm.dll+0x3ee4af]
V  [jvm.dll+0x3f00c1]
C  [jli.dll+0x528b]
C  [ucrtbase.dll+0x29363]
C  [KERNEL32.DLL+0x1257d]
C  [ntdll.dll+0x5aa58]


---------------  P R O C E S S  ---------------

Threads class SMR info:
_java_thread_list=0x00007ffe4934a018, length=0, elements={
}

Java Threads: ( => current thread )

Other Threads:
  0x0000022cc1f17ba0 GCTaskThread "GC Thread#0" [stack: 0x0000006234100000,0x0000006234200000] [id=24556]
  0x0000022cc1f29210 ConcurrentGCThread "G1 Main Marker" [stack: 0x0000006234200000,0x0000006234300000] [id=10376]
  0x0000022cc1f2a1d0 ConcurrentGCThread "G1 Conc#0" [stack: 0x0000006234300000,0x0000006234400000] [id=7792]

[error occurred during error reporting (printing all threads), id 0xc0000005, EXCEPTION_ACCESS_VIOLATION (0xc0000005) at pc=0x00007ffe48b1e587]

VM state: not at safepoint (not fully initialized)

VM Mutex/Monitor currently owned by a thread:  ([mutex/lock_event])
[0x0000022cc1eb7d30] Heap_lock - owner thread: 0x0000022cc1ebe2f0

Heap address: 0x0000000083800000, size: 1992 MB, Compressed Oops mode: 32-bit

CDS archive(s) mapped at: [0x0000000000000000-0x0000000000000000-0x0000000000000000), size 0, SharedBaseAddress: 0x0000000800000000, ArchiveRelocationMode: 1.
Narrow klass base: 0x0000000000000000, Narrow klass shift: 0, Narrow klass range: 0x0

GC Precious Log:
<Empty>

Heap:
 garbage-first heap   total 0K, used 0K [0x0000000083800000, 0x0000000100000000)
  region size 1024K, 0 young (0K), 0 survivors (0K)

[error occurred during error reporting (printing heap information), id 0xc0000005, EXCEPTION_ACCESS_VIOLATION (0xc0000005) at pc=0x00007ffe48f02699]

GC Heap History (0 events):
No events

Dll operation events (1 events):
Event: 0.009 Loaded shared library C:\Users\natal\Desktop\Boot Camp\sts-4.20.1.RELEASE\plugins\org.eclipse.justj.openjdk.hotspot.jre.full.win32.x86_64_17.0.8.v20230831-1047\jre\bin\java.dll

Deoptimization events (0 events):
No events

Classes unloaded (0 events):
No events

Classes redefined (0 events):
No events

Internal exceptions (0 events):
No events

VM Operations (0 events):
No events

Events (0 events):
No events


Dynamic libraries:
0x00007ff7cd790000 - 0x00007ff7cd79e000 	C:\Users\natal\Desktop\Boot Camp\sts-4.20.1.RELEASE\plugins\org.eclipse.justj.openjdk.hotspot.jre.full.win32.x86_64_17.0.8.v20230831-1047\jre\bin\java.exe
0x00007ffe9bed0000 - 0x00007ffe9c0e7000 	C:\WINDOWS\SYSTEM32\ntdll.dll
0x00007ffe9af20000 - 0x00007ffe9afe4000 	C:\WINDOWS\System32\KERNEL32.DLL
0x00007ffe993e0000 - 0x00007ffe99786000 	C:\WINDOWS\System32\KERNELBASE.dll
0x00007ffe997c0000 - 0x00007ffe998d1000 	C:\WINDOWS\System32\ucrtbase.dll
0x00007ffe6ad80000 - 0x00007ffe6ad97000 	C:\Users\natal\Desktop\Boot Camp\sts-4.20.1.RELEASE\plugins\org.eclipse.justj.openjdk.hotspot.jre.full.win32.x86_64_17.0.8.v20230831-1047\jre\bin\jli.dll
0x00007ffe8b0d0000 - 0x00007ffe8b0e9000 	C:\Users\natal\Desktop\Boot Camp\sts-4.20.1.RELEASE\plugins\org.eclipse.justj.openjdk.hotspot.jre.full.win32.x86_64_17.0.8.v20230831-1047\jre\bin\VCRUNTIME140.dll
0x00007ffe9b5b0000 - 0x00007ffe9b75e000 	C:\WINDOWS\System32\USER32.dll
0x00007ffe70c60000 - 0x00007ffe70ef3000 	C:\WINDOWS\WinSxS\amd64_microsoft.windows.common-controls_6595b64144ccf1df_6.0.22621.2506_none_270c5ae97388e100\COMCTL32.dll
0x00007ffe99790000 - 0x00007ffe997b6000 	C:\WINDOWS\System32\win32u.dll
0x00007ffe9ad70000 - 0x00007ffe9ae17000 	C:\WINDOWS\System32\msvcrt.dll
0x00007ffe9b7d0000 - 0x00007ffe9b7f9000 	C:\WINDOWS\System32\GDI32.dll
0x00007ffe99210000 - 0x00007ffe99328000 	C:\WINDOWS\System32\gdi32full.dll
0x00007ffe99a50000 - 0x00007ffe99aea000 	C:\WINDOWS\System32\msvcp_win.dll
0x00007ffe9a260000 - 0x00007ffe9a291000 	C:\WINDOWS\System32\IMM32.DLL
0x00007ffe8b0c0000 - 0x00007ffe8b0cc000 	C:\Users\natal\Desktop\Boot Camp\sts-4.20.1.RELEASE\plugins\org.eclipse.justj.openjdk.hotspot.jre.full.win32.x86_64_17.0.8.v20230831-1047\jre\bin\vcruntime140_1.dll
0x00007ffe4ecd0000 - 0x00007ffe4ed61000 	C:\Users\natal\Desktop\Boot Camp\sts-4.20.1.RELEASE\plugins\org.eclipse.justj.openjdk.hotspot.jre.full.win32.x86_64_17.0.8.v20230831-1047\jre\bin\msvcp140.dll
0x00007ffe48830000 - 0x00007ffe4947c000 	C:\Users\natal\Desktop\Boot Camp\sts-4.20.1.RELEASE\plugins\org.eclipse.justj.openjdk.hotspot.jre.full.win32.x86_64_17.0.8.v20230831-1047\jre\bin\server\jvm.dll
0x00007ffe9bdd0000 - 0x00007ffe9be83000 	C:\WINDOWS\System32\ADVAPI32.dll
0x00007ffe9b500000 - 0x00007ffe9b5a8000 	C:\WINDOWS\System32\sechost.dll
0x00007ffe99330000 - 0x00007ffe99358000 	C:\WINDOWS\System32\bcrypt.dll
0x00007ffe99c20000 - 0x00007ffe99d37000 	C:\WINDOWS\System32\RPCRT4.dll
0x00007ffe95b00000 - 0x00007ffe95b09000 	C:\WINDOWS\SYSTEM32\WSOCK32.dll
0x00007ffe98090000 - 0x00007ffe980dd000 	C:\WINDOWS\SYSTEM32\POWRPROF.dll
0x00007ffe8db40000 - 0x00007ffe8db74000 	C:\WINDOWS\SYSTEM32\WINMM.dll
0x00007ffe9a3b0000 - 0x00007ffe9a421000 	C:\WINDOWS\System32\WS2_32.dll
0x00007ffe8cb60000 - 0x00007ffe8cb6a000 	C:\WINDOWS\SYSTEM32\VERSION.dll
0x00007ffe98070000 - 0x00007ffe98083000 	C:\WINDOWS\SYSTEM32\UMPDC.dll
0x00007ffe98330000 - 0x00007ffe98348000 	C:\WINDOWS\SYSTEM32\kernel.appcore.dll
0x00007ffe95af0000 - 0x00007ffe95afa000 	C:\Users\natal\Desktop\Boot Camp\sts-4.20.1.RELEASE\plugins\org.eclipse.justj.openjdk.hotspot.jre.full.win32.x86_64_17.0.8.v20230831-1047\jre\bin\jimage.dll
0x00007ffe96b20000 - 0x00007ffe96d53000 	C:\WINDOWS\SYSTEM32\DBGHELP.DLL
0x00007ffe9b9c0000 - 0x00007ffe9bd49000 	C:\WINDOWS\System32\combase.dll
0x00007ffe9a430000 - 0x00007ffe9a507000 	C:\WINDOWS\System32\OLEAUT32.dll
0x00007ffe8a1e0000 - 0x00007ffe8a212000 	C:\WINDOWS\SYSTEM32\dbgcore.DLL
0x00007ffe99360000 - 0x00007ffe993da000 	C:\WINDOWS\System32\bcryptPrimitives.dll
0x00007ffe7eab0000 - 0x00007ffe7ead5000 	C:\Users\natal\Desktop\Boot Camp\sts-4.20.1.RELEASE\plugins\org.eclipse.justj.openjdk.hotspot.jre.full.win32.x86_64_17.0.8.v20230831-1047\jre\bin\java.dll

dbghelp: loaded successfully - version: 4.0.5 - missing functions: none
symbol engine: initialized successfully - sym options: 0x614 - pdb path: .;C:\Users\natal\Desktop\Boot Camp\sts-4.20.1.RELEASE\plugins\org.eclipse.justj.openjdk.hotspot.jre.full.win32.x86_64_17.0.8.v20230831-1047\jre\bin;C:\WINDOWS\SYSTEM32;C:\WINDOWS\WinSxS\amd64_microsoft.windows.common-controls_6595b64144ccf1df_6.0.22621.2506_none_270c5ae97388e100;C:\Users\natal\Desktop\Boot Camp\sts-4.20.1.RELEASE\plugins\org.eclipse.justj.openjdk.hotspot.jre.full.win32.x86_64_17.0.8.v20230831-1047\jre\bin\server

VM Arguments:
jvm_args: -Dnet.bytebuddy.agent.attacher.dump= 
java_command: net.bytebuddy.agent.Attacher com.sun.tools.attach.VirtualMachine 25752 C:\Users\natal\.m2\repository\net\bytebuddy\byte-buddy-agent\1.14.10\byte-buddy-agent-1.14.10.jar false 
java_class_path (initial): C:\Users\natal\.m2\repository\net\bytebuddy\byte-buddy-agent\1.14.10\byte-buddy-agent-1.14.10.jar
Launcher Type: SUN_STANDARD

[Global flags]
     intx CICompilerCount                          = 4                                         {product} {ergonomic}
     uint ConcGCThreads                            = 3                                         {product} {ergonomic}
     uint G1ConcRefinementThreads                  = 10                                        {product} {ergonomic}
   size_t G1HeapRegionSize                         = 1048576                                   {product} {ergonomic}
    uintx GCDrainStackTargetSize                   = 64                                        {product} {ergonomic}
   size_t InitialHeapSize                          = 132120576                                 {product} {ergonomic}
   size_t MarkStackSize                            = 4194304                                   {product} {ergonomic}
   size_t MaxHeapSize                              = 2088763392                                {product} {ergonomic}
   size_t MinHeapDeltaBytes                        = 1048576                                   {product} {ergonomic}
   size_t MinHeapSize                              = 8388608                                   {product} {ergonomic}
    uintx NonNMethodCodeHeapSize                   = 5839372                                {pd product} {ergonomic}
    uintx NonProfiledCodeHeapSize                  = 122909434                              {pd product} {ergonomic}
    uintx ProfiledCodeHeapSize                     = 122909434                              {pd product} {ergonomic}
    uintx ReservedCodeCacheSize                    = 251658240                              {pd product} {ergonomic}
     bool SegmentedCodeCache                       = true                                      {product} {ergonomic}
   size_t SoftMaxHeapSize                          = 2088763392                             {manageable} {ergonomic}
     bool UseCompressedClassPointers               = true                           {product lp64_product} {ergonomic}
     bool UseCompressedOops                        = true                           {product lp64_product} {ergonomic}
     bool UseG1GC                                  = true                                      {product} {ergonomic}
     bool UseLargePagesIndividualAllocation        = false                                  {pd product} {ergonomic}

Logging:
Log output configuration:
 #0: stdout all=warning uptime,level,tags
 #1: stderr all=off uptime,level,tags

Environment Variables:
JAVA_HOME=C:\Program Files\Java\jdk-17
PATH=C:/Users/natal/Desktop/Boot Camp/sts-4.20.1.RELEASE//plugins/org.eclipse.justj.openjdk.hotspot.jre.full.win32.x86_64_17.0.8.v20230831-1047/jre/bin/server;C:/Users/natal/Desktop/Boot Camp/sts-4.20.1.RELEASE//plugins/org.eclipse.justj.openjdk.hotspot.jre.full.win32.x86_64_17.0.8.v20230831-1047/jre/bin;C:\Program Files\Common Files\Oracle\Java\javapath;C:\Windows\system32;C:\Windows;C:\Windows\System32\Wbem;C:\Windows\System32\WindowsPowerShell\v1.0\;C:\Windows\System32\OpenSSH\;C:\Program Files\NVIDIA Corporation\NVIDIA NvDLISR;C:\Program Files (x86)\NVIDIA Corporation\PhysX\Common;C:\WINDOWS\system32;C:\WINDOWS;C:\WINDOWS\System32\Wbem;C:\WINDOWS\System32\WindowsPowerShell\v1.0\;C:\WINDOWS\System32\OpenSSH\;C:\Program Files\Git\cmd;C:\Program Files\nodejs\;C:\ProgramData\UNIVALI\Portugol Studio;C:\Program Files\Java\jdk-17;C:\Users\natal\AppData\Local\Microsoft\WindowsApps;;C:\Users\natal\AppData\Roaming\npm;C:\Users\natal\Desktop\Boot Camp\sts-4.20.1.RELEASE;
USERNAME=natal
OS=Windows_NT
PROCESSOR_IDENTIFIER=Intel64 Family 6 Model 165 Stepping 2, GenuineIntel
TMP=C:\Users\natal\AppData\Local\Temp
TEMP=C:\Users\natal\AppData\Local\Temp



---------------  S Y S T E M  ---------------

OS:
 Windows 11 , 64 bit Build 22621 (10.0.22621.2506)
OS uptime: 11 days 23:23 hours

CPU: total 12 (initial active 12) (6 cores per cpu, 2 threads per core) family 6 model 165 stepping 2 microcode 0xf8, cx8, cmov, fxsr, ht, mmx, 3dnowpref, sse, sse2, sse3, ssse3, sse4.1, sse4.2, popcnt, lzcnt, tsc, tscinvbit, avx, avx2, aes, erms, clmul, bmi1, bmi2, adx, fma, vzeroupper, clflush, clflushopt
Processor Information for all 12 processors :
  Max Mhz: 2496, Current Mhz: 2496, Mhz Limit: 2496

Memory: 4k page, system-wide physical 7967M (258M free)
TotalPageFile size 32543M (AvailPageFile size 8M)
current process WorkingSet (physical memory assigned to process): 11M, peak: 11M
current process commit charge ("private bytes"): 64M, peak: 190M

vm_info: OpenJDK 64-Bit Server VM (17.0.8.1+1) for windows-amd64 JRE (17.0.8.1+1), built on Aug 23 2023 15:29:17 by "admin" with MS VC++ 16.7 (VS2019)

END.
